0 info it worked if it ends with ok
1 verbose cli [ '/usr/bin/nodejs', '/usr/local/bin/npm', 'publish' ]
2 info using npm@4.1.2
3 info using node@v8.4.0
4 verbose publish [ '.' ]
5 silly cache add args [ '.', null ]
6 verbose cache add spec .
7 silly cache add parsed spec Result {
7 silly cache add   raw: '.',
7 silly cache add   scope: null,
7 silly cache add   escapedName: null,
7 silly cache add   name: null,
7 silly cache add   rawSpec: '.',
7 silly cache add   spec: '/home/ttpl49/Documents/git/ionic-academy-package',
7 silly cache add   type: 'directory' }
8 verbose addLocalDirectory /home/ttpl49/.npm/ionic-academy-package/1.0.0/package.tgz not in flight; packing
9 verbose correctMkdir /home/ttpl49/.npm correctMkdir not in flight; initializing
10 info lifecycle ionic-academy-package@1.0.0~prepublish: ionic-academy-package@1.0.0
11 silly lifecycle ionic-academy-package@1.0.0~prepublish: no script for prepublish, continuing
12 info lifecycle ionic-academy-package@1.0.0~prepare: ionic-academy-package@1.0.0
13 silly lifecycle ionic-academy-package@1.0.0~prepare: no script for prepare, continuing
14 verbose tar pack [ '/home/ttpl49/.npm/ionic-academy-package/1.0.0/package.tgz',
14 verbose tar pack   '/home/ttpl49/Documents/git/ionic-academy-package' ]
15 verbose tarball /home/ttpl49/.npm/ionic-academy-package/1.0.0/package.tgz
16 verbose folder /home/ttpl49/Documents/git/ionic-academy-package
17 verbose addLocalTarball adding from inside cache /home/ttpl49/.npm/ionic-academy-package/1.0.0/package.tgz
18 verbose correctMkdir /home/ttpl49/.npm correctMkdir not in flight; initializing
19 silly cache afterAdd ionic-academy-package@1.0.0
20 verbose afterAdd /home/ttpl49/.npm/ionic-academy-package/1.0.0/package/package.json not in flight; writing
21 verbose correctMkdir /home/ttpl49/.npm correctMkdir not in flight; initializing
22 verbose afterAdd /home/ttpl49/.npm/ionic-academy-package/1.0.0/package/package.json written
23 silly publish { name: 'ionic-academy-package',
23 silly publish   version: '1.0.0',
23 silly publish   description: 'test',
23 silly publish   main: 'index.ts',
23 silly publish   scripts:
23 silly publish    { ngc: 'ngc',
23 silly publish      build: 'rm -rf dist && npm run ngc',
23 silly publish      publishPackage: 'npm run build && npm publish' },
23 silly publish   repository:
23 silly publish    { type: 'git',
23 silly publish      url: 'git+https://github.com/Pratikshakhandagale/ionic-academy-package.git' },
23 silly publish   keywords: [ 'abcd1234' ],
23 silly publish   author: { name: 'pratikshak' },
23 silly publish   license: 'MIT',
23 silly publish   bugs: { url: 'https://github.com/Pratikshakhandagale/ionic-academy-package/issues' },
23 silly publish   homepage: 'https://github.com/Pratikshakhandagale/ionic-academy-package#readme',
23 silly publish   devDependencies:
23 silly publish    { '@angular/common': '5.0.3',
23 silly publish      '@angular/compiler': '5.0.3',
23 silly publish      '@angular/compiler-cli': '5.0.3',
23 silly publish      '@angular/core': '5.0.3',
23 silly publish      '@angular/forms': '^5.2.7',
23 silly publish      '@angular/platform-browser': '5.0.3',
23 silly publish      '@angular/platform-browser-dynamic': '5.0.3',
23 silly publish      '@types/node': '^9.4.6',
23 silly publish      'ionic-angular': '3.9.2',
23 silly publish      rxjs: '5.5.2',
23 silly publish      typescript: '2.4.2',
23 silly publish      'zone.js': '0.8.18' },
23 silly publish   readme: '# myNpm\nThis is the first repo to create my first test npm package\n',
23 silly publish   readmeFilename: 'README.md',
23 silly publish   gitHead: '175d93913c110a6de7939e3bd9f7995aea967422',
23 silly publish   _id: 'ionic-academy-package@1.0.0',
23 silly publish   _shasum: 'e4d1efc7d2196c7fb23b4628185fc8ffd542c6fb',
23 silly publish   _from: '.' }
24 info lifecycle ionic-academy-package@1.0.0~prepublishOnly: ionic-academy-package@1.0.0
25 silly lifecycle ionic-academy-package@1.0.0~prepublishOnly: no script for prepublishOnly, continuing
26 verbose getPublishConfig undefined
27 silly mapToRegistry name ionic-academy-package
28 silly mapToRegistry using default registry
29 silly mapToRegistry registry https://registry.npmjs.org/
30 silly mapToRegistry data Result {
30 silly mapToRegistry   raw: 'ionic-academy-package',
30 silly mapToRegistry   scope: null,
30 silly mapToRegistry   escapedName: 'ionic-academy-package',
30 silly mapToRegistry   name: 'ionic-academy-package',
30 silly mapToRegistry   rawSpec: '',
30 silly mapToRegistry   spec: 'latest',
30 silly mapToRegistry   type: 'tag' }
31 silly mapToRegistry uri https://registry.npmjs.org/ionic-academy-package
32 verbose publish registryBase https://registry.npmjs.org/
33 silly publish uploading /home/ttpl49/.npm/ionic-academy-package/1.0.0/package.tgz
34 verbose request uri https://registry.npmjs.org/ionic-academy-package
35 verbose request sending authorization for write operation
36 info attempt registry request try #1 at 12:16:41
37 verbose request using bearer token for auth
38 verbose request id 25d842904352b3b0
39 http request PUT https://registry.npmjs.org/ionic-academy-package
40 http 403 https://registry.npmjs.org/ionic-academy-package
41 verbose headers { date: 'Wed, 02 Jan 2019 06:46:42 GMT',
41 verbose headers   'content-type': 'application/json',
41 verbose headers   'transfer-encoding': 'chunked',
41 verbose headers   connection: 'keep-alive',
41 verbose headers   'set-cookie': [ '__cfduid=dedeafb3ac8c5c0f5ea006970be565a121546411601; expires=Thu, 02-Jan-20 06:46:41 GMT; path=/; domain=.registry.npmjs.org; HttpOnly' ],
41 verbose headers   'cf-ray': '492b45200fab88ba-BOM',
41 verbose headers   'expect-ct': 'max-age=604800, report-uri="https://report-uri.cloudflare.com/cdn-cgi/beacon/expect-ct"',
41 verbose headers   vary: 'Accept-Encoding',
41 verbose headers   server: 'cloudflare',
41 verbose headers   'content-encoding': 'gzip' }
42 verbose request invalidating /home/ttpl49/.npm/registry.npmjs.org/ionic-academy-package on PUT
43 error publish Failed PUT 403
44 verbose stack Error: You do not have permission to publish "ionic-academy-package". Are you logged in as the correct user? : ionic-academy-package
44 verbose stack     at makeError (/usr/local/lib/node_modules/npm/node_modules/npm-registry-client/lib/request.js:304:12)
44 verbose stack     at CachingRegistryClient.<anonymous> (/usr/local/lib/node_modules/npm/node_modules/npm-registry-client/lib/request.js:292:14)
44 verbose stack     at /usr/local/lib/node_modules/npm/node_modules/npm-registry-client/lib/request.js:218:7
44 verbose stack     at Gunzip.onEnd (zlib.js:130:5)
44 verbose stack     at emitNone (events.js:110:20)
44 verbose stack     at Gunzip.emit (events.js:207:7)
44 verbose stack     at endReadableNT (_stream_readable.js:1059:12)
44 verbose stack     at _combinedTickCallback (internal/process/next_tick.js:138:11)
44 verbose stack     at process._tickCallback (internal/process/next_tick.js:180:9)
45 verbose statusCode 403
46 verbose pkgid ionic-academy-package
47 verbose cwd /home/ttpl49/Documents/git/ionic-academy-package
48 error Linux 4.4.0-128-generic
49 error argv "/usr/bin/nodejs" "/usr/local/bin/npm" "publish"
50 error node v8.4.0
51 error npm  v4.1.2
52 error code E403
53 error You do not have permission to publish "ionic-academy-package". Are you logged in as the correct user? : ionic-academy-package
54 error If you need help, you may report this error at:
54 error     <https://github.com/npm/npm/issues>
55 verbose exit [ 1, true ]
